[main] INFO BaseTest - Login Successful
[main] INFO BaseTest - Closed Successfully
[main] INFO OHRM_addEmployee - Login Succesfully
[main] INFO OHRM_addEmployee - Srikanth
[main] INFO OHRM_addEmployee - reddy
[main] INFO OHRM_addEmployee - V
[main] INFO OHRM_addEmployee - Employee added successfully
[main] INFO OHRM_addEmployee - Aarush
[main] INFO OHRM_addEmployee - Reddy
[main] INFO OHRM_addEmployee - A
[main] INFO BaseTest - Login Successful
[main] INFO BaseTest - Closed Successfully
[main] INFO BaseTest - Login Successful
[main] INFO BaseTest - Closed Successfully
[main] INFO OHRM_addEmployee - Login Succesfully
[main] INFO OHRM_addEmployee - Srikanth
[main] INFO OHRM_addEmployee - reddy
[main] INFO OHRM_addEmployee - V
[main] INFO OHRM_addEmployee - Employee added successfully
[main] INFO OHRM_addEmployee - Aarush
[main] INFO OHRM_addEmployee - Reddy
[main] INFO OHRM_addEmployee - A
[main] INFO OHRM_addEmployee - Login Succesfully
[main] INFO OHRM_addEmployee - Srikanth
[main] INFO OHRM_addEmployee - reddy
[main] INFO OHRM_addEmployee - V
[main] INFO OHRM_addEmployee - Login Succesfully
[main] INFO OHRM_addEmployee - Srikanth
[main] INFO OHRM_addEmployee - reddy
[main] INFO OHRM_addEmployee - V
[main] INFO OHRM_addEmployee - Employee added successfully
[main] INFO OHRM_addEmployee - Aarush
[main] INFO OHRM_addEmployee - Reddy
[main] INFO OHRM_addEmployee - A
[main] INFO OHRM_addEmployee - Employee added successfully
[main] INFO OHRM_addEmployee - Sudheer
[main] INFO OHRM_addEmployee - Reddy
[main] INFO OHRM_addEmployee - P
[main] INFO OHRM_addEmployee - Employee added successfully
[main] INFO OHRM_addEmployee - Login Succesfully
[main] INFO OHRM_addEmployee - Srikanth
[main] INFO OHRM_addEmployee - reddy
[main] INFO OHRM_addEmployee - V
[main] INFO OHRM_addEmployee - Employee added successfully
[main] INFO OHRM_addEmployee - Aarush
[main] INFO OHRM_addEmployee - Reddy
[main] INFO OHRM_addEmployee - A
[main] INFO OHRM_addEmployee - Employee added successfully
[main] INFO OHRM_addEmployee - Sudheer
[main] INFO OHRM_addEmployee - Reddy
[main] INFO OHRM_addEmployee - P
[main] INFO OHRM_addEmployee - Employee added successfully
[main] INFO BaseTest - Login Successful
[main] INFO BaseTest - Closed Successfully
[main] INFO BaseTest - Login Successful
[main] INFO BaseTest - Closed Successfully
[main] INFO BaseTest - Login Successful
[main] INFO BaseTest - Closed Successfully
[main] INFO BaseTest - Login Successful
[main] INFO BaseTest - Closed Successfully
[main] INFO BaseTest - Login Successful
[main] INFO BaseTest - Closed Successfully
[main] INFO BaseTest - Login Successful
[main] INFO BaseTest - Closed Successfully
[main] INFO BaseTest - Login Successful
[main] INFO BaseTest - Closed Successfully
[main] INFO BaseTest - Login Successful
[main] INFO BaseTest - Closed Successfully
[main] INFO BaseTest - Login Successful
[main] INFO BaseTest - Closed Successfully
