2023-01-09 12:40:05,538 - BaseTest -INFO - Login Successful
2023-01-09 12:40:21,759 - BaseTest -INFO - Closed Successfully
2023-01-09 12:42:56,394 - OHRM_addEmployee -INFO - Login Succesfully
2023-01-09 12:43:04,637 - OHRM_addEmployee -INFO - Srikanth
2023-01-09 12:43:04,638 - OHRM_addEmployee -INFO - reddy
2023-01-09 12:43:04,640 - OHRM_addEmployee -INFO - V
2023-01-09 12:43:06,150 - OHRM_addEmployee -INFO - Employee added successfully
2023-01-09 12:43:06,150 - OHRM_addEmployee -INFO - Aarush
2023-01-09 12:43:06,151 - OHRM_addEmployee -INFO - Reddy
2023-01-09 12:43:06,158 - OHRM_addEmployee -INFO - A
2023-01-09 16:30:17,540 - BaseTest -INFO - Login Successful
2023-01-09 16:30:33,791 - BaseTest -INFO - Closed Successfully
2023-01-09 19:46:19,695 - BaseTest -INFO - Login Successful
2023-01-09 19:46:35,964 - BaseTest -INFO - Closed Successfully
2023-01-10 12:58:19,585 - OHRM_addEmployee -INFO - Login Succesfully
2023-01-10 12:58:24,781 - OHRM_addEmployee -INFO - Srikanth
2023-01-10 12:58:24,782 - OHRM_addEmployee -INFO - reddy
2023-01-10 12:58:24,783 - OHRM_addEmployee -INFO - V
2023-01-10 12:58:26,323 - OHRM_addEmployee -INFO - Employee added successfully
2023-01-10 12:58:26,324 - OHRM_addEmployee -INFO - Aarush
2023-01-10 12:58:26,324 - OHRM_addEmployee -INFO - Reddy
2023-01-10 12:58:26,325 - OHRM_addEmployee -INFO - A
2023-01-11 19:32:26,096 - OHRM_addEmployee -INFO - Login Succesfully
2023-01-11 19:32:31,181 - OHRM_addEmployee -INFO - Srikanth
2023-01-11 19:32:31,182 - OHRM_addEmployee -INFO - reddy
2023-01-11 19:32:31,182 - OHRM_addEmployee -INFO - V
2023-01-11 20:49:24,335 - OHRM_addEmployee -INFO - Login Succesfully
2023-01-11 20:49:29,288 - OHRM_addEmployee -INFO - Srikanth
2023-01-11 20:49:29,288 - OHRM_addEmployee -INFO - reddy
2023-01-11 20:49:29,289 - OHRM_addEmployee -INFO - V
2023-01-11 20:49:30,561 - OHRM_addEmployee -INFO - Employee added successfully
2023-01-11 20:49:35,567 - OHRM_addEmployee -INFO - Aarush
2023-01-11 20:49:35,567 - OHRM_addEmployee -INFO - Reddy
2023-01-11 20:49:35,568 - OHRM_addEmployee -INFO - A
2023-01-11 20:49:38,656 - OHRM_addEmployee -INFO - Employee added successfully
2023-01-11 20:49:43,668 - OHRM_addEmployee -INFO - Sudheer
2023-01-11 20:49:43,670 - OHRM_addEmployee -INFO - Reddy
2023-01-11 20:49:43,671 - OHRM_addEmployee -INFO - P
2023-01-11 20:49:50,658 - OHRM_addEmployee -INFO - Employee added successfully
2023-01-11 20:54:10,163 - OHRM_addEmployee -INFO - Login Succesfully
2023-01-11 20:54:17,027 - OHRM_addEmployee -INFO - Srikanth
2023-01-11 20:54:17,027 - OHRM_addEmployee -INFO - reddy
2023-01-11 20:54:17,027 - OHRM_addEmployee -INFO - V
2023-01-11 20:54:18,319 - OHRM_addEmployee -INFO - Employee added successfully
2023-01-11 20:54:29,788 - OHRM_addEmployee -INFO - Aarush
2023-01-11 20:54:29,790 - OHRM_addEmployee -INFO - Reddy
2023-01-11 20:54:29,791 - OHRM_addEmployee -INFO - A
2023-01-11 20:54:30,029 - OHRM_addEmployee -INFO - Employee added successfully
2023-01-11 20:54:40,734 - OHRM_addEmployee -INFO - Sudheer
2023-01-11 20:54:40,735 - OHRM_addEmployee -INFO - Reddy
2023-01-11 20:54:40,737 - OHRM_addEmployee -INFO - P
2023-01-11 20:54:40,968 - OHRM_addEmployee -INFO - Employee added successfully
2023-01-11 20:59:27,335 - BaseTest -INFO - Login Successful
2023-01-11 20:59:27,416 - BaseTest -INFO - Closed Successfully
2023-01-11 21:07:14,052 - BaseTest -INFO - Login Successful
2023-01-11 21:07:30,269 - BaseTest -INFO - Closed Successfully
2023-01-11 21:17:23,871 - BaseTest -INFO - Login Successful
2023-01-11 21:17:40,042 - BaseTest -INFO - Closed Successfully
2023-01-11 21:20:36,641 - BaseTest -INFO - Login Successful
2023-01-11 21:20:36,703 - BaseTest -INFO - Closed Successfully
2023-01-11 21:22:10,710 - BaseTest -INFO - Login Successful
2023-01-11 21:22:10,828 - BaseTest -INFO - Closed Successfully
2023-01-12 11:47:03,790 - BaseTest -INFO - Login Successful
2023-01-12 11:47:03,857 - BaseTest -INFO - Closed Successfully
2023-01-12 12:04:23,524 - BaseTest -INFO - Login Successful
2023-01-12 12:04:39,773 - BaseTest -INFO - Closed Successfully
2023-01-12 12:13:37,606 - BaseTest -INFO - Login Successful
2023-01-12 12:13:53,860 - BaseTest -INFO - Closed Successfully
2023-01-12 12:20:01,600 - BaseTest -INFO - Login Successful
2023-01-12 12:20:17,894 - BaseTest -INFO - Closed Successfully
